<?xml version="1.0" encoding="UTF-8"?>
<!-- Generated by org.testng.reporters.JUnitReportReporter -->
<testsuite hostname="Dhineshkumar" failures="0" tests="1" name="TestNG.PracticeMock" time="17.572" errors="0" timestamp="2023-12-10T09:33:21 IST" skipped="0">
  <testcase classname="TestNG.PracticeMock" name="Prac" time="17.572"/>
  <system-out/>
</testsuite> <!-- TestNG.PracticeMock -->
