<?xml version="1.0" encoding="UTF-8"?>
<!-- Generated by org.testng.reporters.JUnitReportReporter -->
<testsuite hostname="Dhineshkumar" failures="0" tests="1" name="TestNG.ReportGenerator" time="0.017" errors="0" timestamp="2024-02-22T22:06:04 IST" skipped="0">
  <testcase classname="TestNG.ReportGenerator" name="test" time="0.017"/>
  <system-out>
    <![CDATA[hi
Hello
Bye]]>
  </system-out>
</testsuite> <!-- TestNG.ReportGenerator -->
