<?xml version="1.0" encoding="UTF-8"?>
<!-- Generated by org.testng.reporters.JUnitReportReporter -->
<testsuite hostname="Dhineshkumar" failures="0" tests="1" name="TestNG.FacebookCreateNewAccount" time="7.257" errors="0" timestamp="2023-11-27T19:42:47 IST" skipped="0">
  <testcase classname="TestNG.FacebookCreateNewAccount" name="testName" time="7.257"/>
  <system-out/>
</testsuite> <!-- TestNG.FacebookCreateNewAccount -->
