<?xml version="1.0" encoding="UTF-8"?>
<!-- Generated by org.testng.reporters.JUnitReportReporter -->
<testsuite hostname="Dhineshkumar" failures="0" tests="1" name="TestNG.NotificationPopups" time="12.288" errors="0" timestamp="2023-12-10T22:53:23 IST" skipped="0">
  <testcase classname="TestNG.NotificationPopups" name="notificationPopups" time="12.288"/>
  <system-out/>
</testsuite> <!-- TestNG.NotificationPopups -->
