<?xml version="1.0" encoding="UTF-8"?>
<!-- Generated by org.testng.reporters.JUnitReportReporter -->
<testsuite hostname="Dhineshkumar" failures="0" tests="1" name="TestNG.PropertyFile" time="0.011" errors="0" timestamp="2023-12-12T09:48:49 IST" skipped="0">
  <testcase classname="TestNG.PropertyFile" name="property" time="0.011"/>
  <system-out/>
</testsuite> <!-- TestNG.PropertyFile -->
