<?xml version="1.0" encoding="UTF-8"?>
<!-- Generated by org.testng.reporters.JUnitReportReporter -->
<testsuite hostname="Dhineshkumar" failures="0" tests="4" name="TestNG.GroupExecution" time="0.044" errors="0" timestamp="2024-04-07T12:16:39 IST" skipped="0">
  <testcase classname="TestNG.GroupExecution" name="register" time="0.015"/>
  <system-out/>
  <testcase classname="TestNG.GroupExecution" name="login" time="0.004"/>
  <system-out/>
  <testcase classname="TestNG.GroupExecution" name="delete" time="0.015"/>
  <system-out/>
  <testcase classname="TestNG.GroupExecution" name="logout" time="0.010"/>
  <system-out/>
</testsuite> <!-- TestNG.GroupExecution -->
