<?xml version="1.0" encoding="UTF-8"?>
<!-- Generated by org.testng.reporters.JUnitReportReporter -->
<testsuite hostname="Dhineshkumar" failures="0" tests="2" name="TestNG.TestNG" time="0.017" errors="0" timestamp="2023-11-24T11:10:42 IST" skipped="0">
  <testcase classname="TestNG.TestNG" name="bala" time="0.013"/>
  <system-out/>
  <testcase classname="TestNG.TestNG" name="dino" time="0.004"/>
  <system-out/>
</testsuite> <!-- TestNG.TestNG -->
