<?xml version="1.0" encoding="UTF-8"?>
<!-- Generated by org.testng.reporters.JUnitReportReporter -->
<testsuite hostname="Dhineshkumar" failures="0" tests="3" name="TestNG.DependsOnMethods" time="0.026" errors="0" timestamp="2023-11-27T19:00:01 IST" skipped="0">
  <testcase classname="TestNG.DependsOnMethods" name="loginId" time="0.003"/>
  <system-out/>
  <testcase classname="TestNG.DependsOnMethods" name="deleteID" time="0.002"/>
  <system-out/>
  <testcase classname="TestNG.DependsOnMethods" name="registerID" time="0.021"/>
  <system-out/>
</testsuite> <!-- TestNG.DependsOnMethods -->
