<?xml version="1.0" encoding="UTF-8"?>
<!-- Generated by org.testng.reporters.JUnitReportReporter -->
<testsuite hostname="Dhineshkumar" failures="0" tests="3" name="TestNG.JavaScriptPopups" time="25.879" errors="0" timestamp="2023-12-10T12:12:10 IST" skipped="0">
  <testcase classname="TestNG.JavaScriptPopups" name="alert" time="7.249"/>
  <system-out/>
  <testcase classname="TestNG.JavaScriptPopups" name="confirmation" time="5.745"/>
  <system-out/>
  <testcase classname="TestNG.JavaScriptPopups" name="prompt" time="12.885"/>
  <system-out/>
</testsuite> <!-- TestNG.JavaScriptPopups -->
