<?xml version="1.0" encoding="UTF-8"?>
<!-- Generated by org.testng.reporters.JUnitReportReporter -->
<testsuite hostname="Dhineshkumar" failures="0" tests="2" name="TestNG.CrossBrowser" time="40.216" errors="0" timestamp="2024-02-23T20:16:47 IST" skipped="0">
  <testcase classname="TestNG.CrossBrowser" name="cb" time="36.831"/>
  <system-out/>
  <testcase classname="TestNG.CrossBrowser" name="cb" time="3.385"/>
  <system-out/>
</testsuite> <!-- TestNG.CrossBrowser -->
