<?xml version="1.0" encoding="UTF-8"?>
<!-- Generated by org.testng.reporters.JUnitReportReporter -->
<testsuite hostname="Dhineshkumar" failures="0" tests="1" name="TestNG.DemoWebpageNew2" time="8.789" errors="0" timestamp="2023-11-30T11:29:16 IST" skipped="0">
  <testcase classname="TestNG.DemoWebpageNew2" name="demoNew" time="8.789"/>
  <system-out/>
</testsuite> <!-- TestNG.DemoWebpageNew2 -->
