<?xml version="1.0" encoding="UTF-8"?>
<!-- Generated by org.testng.reporters.JUnitReportReporter -->
<testsuite hostname="Dhineshkumar" failures="0" tests="20" name="TestNG.ThreadpoolSize" time="0.121" errors="0" timestamp="2024-04-29T22:44:30 IST" skipped="0">
  <testcase classname="TestNG.ThreadpoolSize" name="logout" time="0.013"/>
  <system-out/>
  <testcase classname="TestNG.ThreadpoolSize" name="logout" time="0.004"/>
  <system-out/>
  <testcase classname="TestNG.ThreadpoolSize" name="logout" time="0.013"/>
  <system-out/>
  <testcase classname="TestNG.ThreadpoolSize" name="logout" time="0.002"/>
  <system-out/>
  <testcase classname="TestNG.ThreadpoolSize" name="logout" time="0.008"/>
  <system-out/>
  <testcase classname="TestNG.ThreadpoolSize" name="login" time="0.003"/>
  <system-out/>
  <testcase classname="TestNG.ThreadpoolSize" name="login" time="0.002"/>
  <system-out/>
  <testcase classname="TestNG.ThreadpoolSize" name="login" time="0.004"/>
  <system-out/>
  <testcase classname="TestNG.ThreadpoolSize" name="login" time="0.003"/>
  <system-out/>
  <testcase classname="TestNG.ThreadpoolSize" name="login" time="0.004"/>
  <system-out/>
  <testcase classname="TestNG.ThreadpoolSize" name="register" time="0.001"/>
  <system-out/>
  <testcase classname="TestNG.ThreadpoolSize" name="register" time="0.002"/>
  <system-out/>
  <testcase classname="TestNG.ThreadpoolSize" name="register" time="0.005"/>
  <system-out/>
  <testcase classname="TestNG.ThreadpoolSize" name="register" time="0.009"/>
  <system-out/>
  <testcase classname="TestNG.ThreadpoolSize" name="register" time="0.012"/>
  <system-out/>
  <testcase classname="TestNG.ThreadpoolSize" name="register" time="0.014"/>
  <system-out/>
  <testcase classname="TestNG.ThreadpoolSize" name="register" time="0.006"/>
  <system-out/>
  <testcase classname="TestNG.ThreadpoolSize" name="register" time="0.005"/>
  <system-out/>
  <testcase classname="TestNG.ThreadpoolSize" name="register" time="0.009"/>
  <system-out/>
  <testcase classname="TestNG.ThreadpoolSize" name="register" time="0.002"/>
  <system-out/>
</testsuite> <!-- TestNG.ThreadpoolSize -->
