<?xml version="1.0" encoding="UTF-8"?>
<!-- Generated by org.testng.reporters.JUnitReportReporter -->
<testsuite hostname="Dhineshkumar" failures="0" tests="1" name="testngpractice.ExcelDataRead" time="1.376" errors="0" timestamp="2024-06-20T14:08:23 IST" skipped="0">
  <testcase classname="testngpractice.ExcelDataRead" name="excelData" time="1.376"/>
  <system-out/>
</testsuite> <!-- testngpractice.ExcelDataRead -->
