<?xml version="1.0" encoding="UTF-8"?>
<!-- Generated by org.testng.reporters.JUnitReportReporter -->
<testsuite hostname="Dhineshkumar" failures="0" tests="1" name="TestNG.HomePage" time="9.978" errors="0" timestamp="2024-04-22T14:30:21 IST" skipped="0">
  <testcase classname="TestNG.HomePage" name="homePage" time="9.978"/>
  <system-out/>
</testsuite> <!-- TestNG.HomePage -->
