<?xml version="1.0" encoding="UTF-8"?>
<!-- Generated by org.testng.reporters.JUnitReportReporter -->
<testsuite hostname="Dhineshkumar" failures="0" tests="1" name="TestNG.FileUploadPopups" time="3.746" errors="0" timestamp="2023-12-11T10:04:18 IST" skipped="0">
  <testcase classname="TestNG.FileUploadPopups" name="fileUpload" time="3.746"/>
  <system-out/>
</testsuite> <!-- TestNG.FileUploadPopups -->
