<?xml version="1.0" encoding="UTF-8"?>
<!-- Generated by org.testng.reporters.JUnitReportReporter -->
<testsuite hostname="Dhineshkumar" failures="0" tests="1" name="TestNG.NavigateToDemoShop" time="282.815" errors="0" timestamp="2023-11-28T22:14:59 IST" skipped="0">
  <testcase classname="TestNG.NavigateToDemoShop" name="Demo" time="282.815"/>
  <system-out/>
</testsuite> <!-- TestNG.NavigateToDemoShop -->
