<?xml version="1.0" encoding="UTF-8"?>
<!-- Generated by org.testng.reporters.JUnitReportReporter -->
<testsuite hostname="Dhineshkumar" failures="0" tests="1" name="Pom.WorkingPom" time="5.887" errors="0" timestamp="2023-12-13T09:16:12 IST" skipped="0">
  <testcase classname="Pom.WorkingPom" name="wokingOnPom" time="5.887"/>
  <system-out/>
</testsuite> <!-- Pom.WorkingPom -->
