<?xml version="1.0" encoding="UTF-8"?>
<!-- Generated by org.testng.reporters.JUnitReportReporter -->
<testsuite hostname="Dhineshkumar" failures="0" tests="1" name="TestNG.Working_With_Chrome" time="21.517" errors="0" timestamp="2024-05-02T17:06:09 IST" skipped="0">
  <testcase classname="TestNG.Working_With_Chrome" name="workingWithPopups" time="21.517"/>
  <system-out/>
</testsuite> <!-- TestNG.Working_With_Chrome -->
