<?xml version="1.0" encoding="UTF-8"?>
<!-- Generated by org.testng.reporters.JUnitReportReporter -->
<testsuite hostname="Dhineshkumar" failures="0" tests="1" name="TestNG.ExcelDataRead" time="1.475" errors="0" timestamp="2023-12-10T10:47:48 IST" skipped="0">
  <testcase classname="TestNG.ExcelDataRead" name="excelData" time="1.475"/>
  <system-out/>
</testsuite> <!-- TestNG.ExcelDataRead -->
