<?xml version="1.0" encoding="UTF-8"?>
<!-- Generated by org.testng.reporters.JUnitReportReporter -->
<testsuite hostname="Dhineshkumar" failures="0" tests="1" name="TestNG.HiddenDivisionPopups" time="8.598" errors="0" timestamp="2024-01-04T20:16:37 IST" skipped="0">
  <testcase classname="TestNG.HiddenDivisionPopups" name="hiddenDuv" time="8.598"/>
  <system-out/>
</testsuite> <!-- TestNG.HiddenDivisionPopups -->
