<?xml version="1.0" encoding="UTF-8"?>
<!-- Generated by org.testng.reporters.JUnitReportReporter -->
<testsuite hostname="Dhineshkumar" failures="0" tests="1" name="testngpractice.ExcelDataWrite" time="2.070" errors="0" timestamp="2024-05-03T16:48:41 IST" skipped="0">
  <testcase classname="testngpractice.ExcelDataWrite" name="Write1" time="2.070"/>
  <system-out/>
</testsuite> <!-- testngpractice.ExcelDataWrite -->
