<?xml version="1.0" encoding="UTF-8"?>
<!-- Generated by org.testng.reporters.JUnitReportReporter -->
<testsuite hostname="Dhineshkumar" failures="0" tests="1" name="TestNG.MockVtiger" time="14.552" errors="0" timestamp="2023-12-13T11:49:52 IST" skipped="0">
  <testcase classname="TestNG.MockVtiger" name="tiger" time="14.552"/>
  <system-out/>
</testsuite> <!-- TestNG.MockVtiger -->
