<?xml version="1.0" encoding="UTF-8"?>
<!-- Generated by org.testng.reporters.JUnitReportReporter -->
<testsuite hostname="Dhineshkumar" failures="0" tests="1" name="TestNG.TakeScreenshot" time="15.571" errors="0" timestamp="2024-02-23T20:03:26 IST" skipped="0">
  <testcase classname="TestNG.TakeScreenshot" name="takescreenshot" time="15.571"/>
  <system-out/>
</testsuite> <!-- TestNG.TakeScreenshot -->
