<?xml version="1.0" encoding="UTF-8"?>
<!-- Generated by org.testng.reporters.JUnitReportReporter -->
<testsuite hostname="Dhineshkumar" failures="0" tests="6" name="TestNG.InvocationCount" time="0.053" errors="0" timestamp="2024-04-07T12:16:39 IST" skipped="0">
  <testcase classname="TestNG.InvocationCount" name="delete" time="0.015"/>
  <system-out/>
  <testcase classname="TestNG.InvocationCount" name="delete" time="0.006"/>
  <system-out/>
  <testcase classname="TestNG.InvocationCount" name="delete" time="0.021"/>
  <system-out/>
  <testcase classname="TestNG.InvocationCount" name="registerID" time="0.004"/>
  <system-out/>
  <testcase classname="TestNG.InvocationCount" name="loginId" time="0.003"/>
  <system-out/>
  <testcase classname="TestNG.InvocationCount" name="loginId" time="0.004"/>
  <system-out/>
</testsuite> <!-- TestNG.InvocationCount -->
