<?xml version="1.0" encoding="UTF-8"?>
<!-- Generated by org.testng.reporters.JUnitReportReporter -->
<testsuite hostname="Dhineshkumar" failures="0" tests="1" name="TestNG.ExcelDataWrite" time="3.442" errors="0" timestamp="2023-12-11T09:41:58 IST" skipped="0">
  <testcase classname="TestNG.ExcelDataWrite" name="Write1" time="3.442"/>
  <system-out/>
</testsuite> <!-- TestNG.ExcelDataWrite -->
