<?xml version="1.0" encoding="UTF-8"?>
<!-- Generated by org.testng.reporters.JUnitReportReporter -->
<testsuite hostname="Dhineshkumar" failures="0" tests="3" name="TestNG.Enabled" time="0.012" errors="0" timestamp="2024-04-07T12:12:58 IST" skipped="2">
  <testcase classname="TestNG.Enabled" name="registerID" time="0.012"/>
  <system-out/>
  <testcase classname="TestNG.Enabled" name="loginId">
    <skipped/>
  </testcase> <!-- loginId -->
  <system-out/>
  <testcase classname="TestNG.Enabled" name="delete">
    <skipped/>
  </testcase> <!-- delete -->
  <system-out/>
</testsuite> <!-- TestNG.Enabled -->
