<?xml version="1.0" encoding="UTF-8"?>
<!-- Generated by org.testng.reporters.JUnitReportReporter -->
<testsuite hostname="Dhineshkumar" failures="0" tests="1" name="TestNG.DemoWebpageNew" time="31.394" errors="0" timestamp="2023-12-10T09:21:52 IST" skipped="0">
  <testcase classname="TestNG.DemoWebpageNew" name="demoNew" time="31.394"/>
  <system-out/>
</testsuite> <!-- TestNG.DemoWebpageNew -->
