<?xml version="1.0" encoding="UTF-8"?>
<!-- Generated by org.testng.reporters.JUnitReportReporter -->
<testsuite hostname="Dhineshkumar" failures="0" tests="1" name="TestNG.RobotClass" time="27.637" errors="0" timestamp="2023-12-10T23:14:00 IST" skipped="0">
  <testcase classname="TestNG.RobotClass" name="robot" time="27.637"/>
  <system-out/>
</testsuite> <!-- TestNG.RobotClass -->
