<?xml version="1.0" encoding="UTF-8"?>
<!-- Generated by org.testng.reporters.JUnitReportReporter -->
<testsuite hostname="Dhineshkumar" failures="0" tests="1" name="TestNG.MockVtiger2" time="6.756" errors="0" timestamp="2023-12-13T11:56:12 IST" skipped="0">
  <testcase classname="TestNG.MockVtiger2" name="mocktig2" time="6.756"/>
  <system-out/>
</testsuite> <!-- TestNG.MockVtiger2 -->
